Mon 25 Feb 2013 02:09:23 AM PST,960 [14841] INFO core.email - ========== Message Begins ==========

Time : February 25, 2013, 2:09 am
Message Type : Success
Message : Emails was sent to suman@excent.co using smtp

========== Message Ends ==========


Mon 25 Feb 2013 08:57:35 AM PST,944 [17233] INFO core.email - ========== Message Begins ==========

Time : February 25, 2013, 8:57 am
Message Type : Success
Message : Leave application email was sent to suman@excent.co

========== Message Ends ==========


Mon 25 Feb 2013 08:57:38 AM PST,963 [17233] INFO core.email - ========== Message Begins ==========

Time : February 25, 2013, 8:57 am
Message Type : Success
Message : Leave application email was sent to exhr@excent.co

========== Message Ends ==========


Mon 25 Feb 2013 09:00:34 AM PST,326 [14610] INFO core.email - ========== Message Begins ==========

Time : February 25, 2013, 9:00 am
Message Type : Success
Message : Leave application email was sent to suman@excent.co

========== Message Ends ==========


Mon 25 Feb 2013 09:00:34 AM PST,946 [14610] INFO core.email - ========== Message Begins ==========

Time : February 25, 2013, 9:00 am
Message Type : Success
Message : Leave application email was sent to exhr@excent.co

========== Message Ends ==========


Tue 26 Feb 2013 04:43:44 AM PST,223 [10358] INFO core.email - ========== Message Begins ==========

Time : February 26, 2013, 4:43 am
Message Type : Success
Message : Leave application email was sent to srikanth@excent.co

========== Message Ends ==========


Tue 26 Feb 2013 04:43:46 AM PST,668 [10358] INFO core.email - ========== Message Begins ==========

Time : February 26, 2013, 4:43 am
Message Type : Success
Message : Leave application email was sent to exhr@excent.co

========== Message Ends ==========


Tue 26 Feb 2013 11:01:16 AM PST,614 [29186] INFO core.email - ========== Message Begins ==========

Time : February 26, 2013, 11:01 am
Message Type : Success
Message : Leave application email was sent to syam.mullangi@excent.co

========== Message Ends ==========


Tue 26 Feb 2013 11:01:18 AM PST,214 [29186] INFO core.email - ========== Message Begins ==========

Time : February 26, 2013, 11:01 am
Message Type : Success
Message : Leave application email was sent to exhr@excent.co

========== Message Ends ==========


Fri 01 Mar 2013 06:42:38 AM PST,927 [31739] INFO core.email - ========== Message Begins ==========

Time : March 1, 2013, 6:42 am
Message Type : Success
Message : Leave application email was sent to srikanth@excent.co

========== Message Ends ==========


Fri 01 Mar 2013 06:42:39 AM PST,183 [31739] INFO core.email - ========== Message Begins ==========

Time : March 1, 2013, 6:42 am
Message Type : Success
Message : Leave application email was sent to exhr@excent.co

========== Message Ends ==========


Fri 01 Mar 2013 08:02:25 AM PST,246 [4712] INFO core.email - ========== Message Begins ==========

Time : March 1, 2013, 8:02 am
Message Type : Success
Message : Leave application email was sent to srikanth@excent.co

========== Message Ends ==========


Fri 01 Mar 2013 08:02:25 AM PST,499 [4712] INFO core.email - ========== Message Begins ==========

Time : March 1, 2013, 8:02 am
Message Type : Success
Message : Leave application email was sent to exhr@excent.co

========== Message Ends ==========


Fri 01 Mar 2013 08:03:05 AM PST,379 [11181] INFO core.email - ========== Message Begins ==========

Time : March 1, 2013, 8:03 am
Message Type : Success
Message : Leave application email was sent to srikanth@excent.co

========== Message Ends ==========


Fri 01 Mar 2013 08:03:05 AM PST,624 [11181] INFO core.email - ========== Message Begins ==========

Time : March 1, 2013, 8:03 am
Message Type : Success
Message : Leave application email was sent to exhr@excent.co

========== Message Ends ==========


Fri 01 Mar 2013 08:40:42 AM PST,617 [8636] INFO core.email - ========== Message Begins ==========

Time : March 1, 2013, 8:40 am
Message Type : Success
Message : Leave application email was sent to kk@excent.co

========== Message Ends ==========


Fri 01 Mar 2013 08:40:42 AM PST,913 [8636] INFO core.email - ========== Message Begins ==========

Time : March 1, 2013, 8:40 am
Message Type : Success
Message : Leave application email was sent to exhr@excent.co

========== Message Ends ==========


